<?xml version="1.0" encoding="UTF-8"?>
<!-- Generated by org.testng.reporters.JUnitReportReporter -->
<testsuite hostname="LAPTOP-R6TPNCRO" failures="0" tests="1" name="testCases.TC002_Login_Test" time="2.529" errors="0" timestamp="2025-07-02T22:30:53 IST" skipped="0">
  <testcase classname="testCases.TC002_Login_Test" name="verify_login" time="2.529"/>
</testsuite> <!-- testCases.TC002_Login_Test -->
