<?xml version="1.0" encoding="UTF-8"?>
<!-- Generated by org.testng.reporters.JUnitReportReporter -->
<testsuite hostname="LAPTOP-R6TPNCRO" failures="0" tests="1" name="testCases.TC001RegistrationPage" time="4.708" errors="0" timestamp="2025-07-01T17:18:31 IST" skipped="0">
  <testcase classname="testCases.TC001RegistrationPage" name="verify_account_registration" time="4.708"/>
</testsuite> <!-- testCases.TC001RegistrationPage -->
